
*** Running vivado
    with args -log test_spi.vds -m64 -product Vivado -mode batch -messageDb vivado.pb -notrace -source test_spi.tcl


****** Vivado v2016.3 (64-bit)
  **** SW Build 1682563 on Mon Oct 10 19:07:27 MDT 2016
  **** IP Build 1681267 on Mon Oct 10 21:28:31 MDT 2016
    ** Copyright 1986-2016 Xilinx, Inc. All Rights Reserved.

source test_spi.tcl -notrace
Command: synth_design -top test_spi -part xc7z020clg484-1
Starting synth_design
Attempting to get a license for feature 'Synthesis' and/or device 'xc7z020'
INFO: [Common 17-349] Got license for feature 'Synthesis' and/or device 'xc7z020'
INFO: Launching helper process for spawning children vivado processes
INFO: Helper process launched with PID 12976 
---------------------------------------------------------------------------------
Starting Synthesize : Time (s): cpu = 00:00:06 ; elapsed = 00:00:08 . Memory (MB): peak = 282.422 ; gain = 72.930
---------------------------------------------------------------------------------
INFO: [Synth 8-638] synthesizing module 'test_spi' [D:/project/SPI_debug/SPI_debug.srcs/sources_1/imports/project/spi.v:5]
INFO: [Synth 8-256] done synthesizing module 'test_spi' (1#1) [D:/project/SPI_debug/SPI_debug.srcs/sources_1/imports/project/spi.v:5]
WARNING: [Synth 8-3917] design test_spi has port read_data[7] driven by constant 0
WARNING: [Synth 8-3917] design test_spi has port read_data[6] driven by constant 0
WARNING: [Synth 8-3917] design test_spi has port read_data[5] driven by constant 0
WARNING: [Synth 8-3917] design test_spi has port read_data[4] driven by constant 0
WARNING: [Synth 8-3917] design test_spi has port read_data[3] driven by constant 0
WARNING: [Synth 8-3917] design test_spi has port read_data[2] driven by constant 0
WARNING: [Synth 8-3917] design test_spi has port read_data[1] driven by constant 0
WARNING: [Synth 8-3917] design test_spi has port read_data[0] driven by constant 0
WARNING: [Synth 8-3331] design test_spi has unconnected port reset
---------------------------------------------------------------------------------
Finished Synthesize : Time (s): cpu = 00:00:07 ; elapsed = 00:00:09 . Memory (MB): peak = 319.012 ; gain = 109.520
---------------------------------------------------------------------------------
---------------------------------------------------------------------------------
Finished Constraint Validation : Time (s): cpu = 00:00:07 ; elapsed = 00:00:09 . Memory (MB): peak = 319.012 ; gain = 109.520
---------------------------------------------------------------------------------
---------------------------------------------------------------------------------
Start Loading Part and Timing Information
---------------------------------------------------------------------------------
Loading part: xc7z020clg484-1
---------------------------------------------------------------------------------
Finished Loading Part and Timing Information : Time (s): cpu = 00:00:07 ; elapsed = 00:00:09 . Memory (MB): peak = 319.012 ; gain = 109.520
---------------------------------------------------------------------------------
INFO: [Device 21-403] Loading part xc7z020clg484-1
INFO: [Synth 8-5546] ROM "data" won't be mapped to RAM because it is too sparse
---------------------------------------------------------------------------------
Finished RTL Optimization Phase 2 : Time (s): cpu = 00:00:07 ; elapsed = 00:00:09 . Memory (MB): peak = 334.406 ; gain = 124.914
---------------------------------------------------------------------------------

Report RTL Partitions: 
+-+--------------+------------+----------+
| |RTL Partition |Replication |Instances |
+-+--------------+------------+----------+
+-+--------------+------------+----------+
No constraint files found.
---------------------------------------------------------------------------------
Start RTL Component Statistics 
---------------------------------------------------------------------------------
Detailed RTL Component Info : 
+---Adders : 
	   2 Input      8 Bit       Adders := 3     
	   2 Input      3 Bit       Adders := 1     
+---Registers : 
	                8 Bit    Registers := 1     
	                1 Bit    Registers := 1     
+---Muxes : 
	   2 Input      8 Bit        Muxes := 2     
	   2 Input      1 Bit        Muxes := 3     
---------------------------------------------------------------------------------
Finished RTL Component Statistics 
---------------------------------------------------------------------------------
---------------------------------------------------------------------------------
Start RTL Hierarchical Component Statistics 
---------------------------------------------------------------------------------
Hierarchical RTL Component report 
Module test_spi 
Detailed RTL Component Info : 
+---Adders : 
	   2 Input      8 Bit       Adders := 3     
	   2 Input      3 Bit       Adders := 1     
+---Registers : 
	                8 Bit    Registers := 1     
	                1 Bit    Registers := 1     
+---Muxes : 
	   2 Input      8 Bit        Muxes := 2     
	   2 Input      1 Bit        Muxes := 3     
---------------------------------------------------------------------------------
Finished RTL Hierarchical Component Statistics
---------------------------------------------------------------------------------
---------------------------------------------------------------------------------
Start Part Resource Summary
---------------------------------------------------------------------------------
Part Resources:
DSPs: 220 (col length:60)
BRAMs: 280 (col length: RAMB18 60 RAMB36 30)
---------------------------------------------------------------------------------
Finished Part Resource Summary
---------------------------------------------------------------------------------
No constraint files found.
---------------------------------------------------------------------------------
Start Cross Boundary and Area Optimization
---------------------------------------------------------------------------------
WARNING: [Synth 8-3917] design test_spi has port read_data[7] driven by constant 0
WARNING: [Synth 8-3917] design test_spi has port read_data[6] driven by constant 0
WARNING: [Synth 8-3917] design test_spi has port read_data[5] driven by constant 0
WARNING: [Synth 8-3917] design test_spi has port read_data[4] driven by constant 0
WARNING: [Synth 8-3917] design test_spi has port read_data[3] driven by constant 0
WARNING: [Synth 8-3917] design test_spi has port read_data[2] driven by constant 0
WARNING: [Synth 8-3917] design test_spi has port read_data[1] driven by constant 0
WARNING: [Synth 8-3917] design test_spi has port read_data[0] driven by constant 0
WARNING: [Synth 8-3331] design test_spi has unconnected port reset
WARNING: [Synth 8-3332] Sequential element (counter1_reg[7]) is unused and will be removed from module test_spi.
CRITICAL WARNING: [Synth 8-3352] multi-driven net counter1_reg[7] with 1st driver pin 'counter1_reg[7]/Q' [D:/project/SPI_debug/SPI_debug.srcs/sources_1/imports/project/spi.v:58]
CRITICAL WARNING: [Synth 8-3352] multi-driven net counter1_reg[7] with 2nd driver pin 'GND' [D:/project/SPI_debug/SPI_debug.srcs/sources_1/imports/project/spi.v:58]
CRITICAL WARNING: [Synth 8-5559] multi-driven net counter1_reg[7] is connected to constant driver, other driver is ignored [D:/project/SPI_debug/SPI_debug.srcs/sources_1/imports/project/spi.v:58]
WARNING: [Synth 8-3332] Sequential element (counter1_reg[6]) is unused and will be removed from module test_spi.
CRITICAL WARNING: [Synth 8-3352] multi-driven net counter1_reg[6] with 1st driver pin 'counter1_reg[6]/Q' [D:/project/SPI_debug/SPI_debug.srcs/sources_1/imports/project/spi.v:58]
CRITICAL WARNING: [Synth 8-3352] multi-driven net counter1_reg[6] with 2nd driver pin 'GND' [D:/project/SPI_debug/SPI_debug.srcs/sources_1/imports/project/spi.v:58]
CRITICAL WARNING: [Synth 8-5559] multi-driven net counter1_reg[6] is connected to constant driver, other driver is ignored [D:/project/SPI_debug/SPI_debug.srcs/sources_1/imports/project/spi.v:58]
WARNING: [Synth 8-3332] Sequential element (counter1_reg[5]) is unused and will be removed from module test_spi.
CRITICAL WARNING: [Synth 8-3352] multi-driven net counter1_reg[5] with 1st driver pin 'counter1_reg[5]/Q' [D:/project/SPI_debug/SPI_debug.srcs/sources_1/imports/project/spi.v:58]
CRITICAL WARNING: [Synth 8-3352] multi-driven net counter1_reg[5] with 2nd driver pin 'GND' [D:/project/SPI_debug/SPI_debug.srcs/sources_1/imports/project/spi.v:58]
CRITICAL WARNING: [Synth 8-5559] multi-driven net counter1_reg[5] is connected to constant driver, other driver is ignored [D:/project/SPI_debug/SPI_debug.srcs/sources_1/imports/project/spi.v:58]
WARNING: [Synth 8-3332] Sequential element (counter1_reg[4]) is unused and will be removed from module test_spi.
CRITICAL WARNING: [Synth 8-3352] multi-driven net counter1_reg[4] with 1st driver pin 'counter1_reg[4]/Q' [D:/project/SPI_debug/SPI_debug.srcs/sources_1/imports/project/spi.v:58]
CRITICAL WARNING: [Synth 8-3352] multi-driven net counter1_reg[4] with 2nd driver pin 'GND' [D:/project/SPI_debug/SPI_debug.srcs/sources_1/imports/project/spi.v:58]
CRITICAL WARNING: [Synth 8-5559] multi-driven net counter1_reg[4] is connected to constant driver, other driver is ignored [D:/project/SPI_debug/SPI_debug.srcs/sources_1/imports/project/spi.v:58]
WARNING: [Synth 8-3332] Sequential element (counter1_reg[3]) is unused and will be removed from module test_spi.
CRITICAL WARNING: [Synth 8-3352] multi-driven net counter1_reg[3] with 1st driver pin 'counter1_reg[3]/Q' [D:/project/SPI_debug/SPI_debug.srcs/sources_1/imports/project/spi.v:58]
CRITICAL WARNING: [Synth 8-3352] multi-driven net counter1_reg[3] with 2nd driver pin 'VCC' [D:/project/SPI_debug/SPI_debug.srcs/sources_1/imports/project/spi.v:58]
CRITICAL WARNING: [Synth 8-5559] multi-driven net counter1_reg[3] is connected to constant driver, other driver is ignored [D:/project/SPI_debug/SPI_debug.srcs/sources_1/imports/project/spi.v:58]
WARNING: [Synth 8-3332] Sequential element (counter1_reg[2]) is unused and will be removed from module test_spi.
CRITICAL WARNING: [Synth 8-3352] multi-driven net counter1_reg[2] with 1st driver pin 'counter1_reg[2]/Q' [D:/project/SPI_debug/SPI_debug.srcs/sources_1/imports/project/spi.v:58]
CRITICAL WARNING: [Synth 8-3352] multi-driven net counter1_reg[2] with 2nd driver pin 'GND' [D:/project/SPI_debug/SPI_debug.srcs/sources_1/imports/project/spi.v:58]
CRITICAL WARNING: [Synth 8-5559] multi-driven net counter1_reg[2] is connected to constant driver, other driver is ignored [D:/project/SPI_debug/SPI_debug.srcs/sources_1/imports/project/spi.v:58]
WARNING: [Synth 8-3332] Sequential element (counter1_reg[1]) is unused and will be removed from module test_spi.
CRITICAL WARNING: [Synth 8-3352] multi-driven net counter1_reg[1] with 1st driver pin 'counter1_reg[1]/Q' [D:/project/SPI_debug/SPI_debug.srcs/sources_1/imports/project/spi.v:58]
CRITICAL WARNING: [Synth 8-3352] multi-driven net counter1_reg[1] with 2nd driver pin 'GND' [D:/project/SPI_debug/SPI_debug.srcs/sources_1/imports/project/spi.v:58]
CRITICAL WARNING: [Synth 8-5559] multi-driven net counter1_reg[1] is connected to constant driver, other driver is ignored [D:/project/SPI_debug/SPI_debug.srcs/sources_1/imports/project/spi.v:58]
WARNING: [Synth 8-3332] Sequential element (counter1_reg[0]) is unused and will be removed from module test_spi.
CRITICAL WARNING: [Synth 8-3352] multi-driven net counter1_reg[0] with 1st driver pin 'counter1_reg[0]/Q' [D:/project/SPI_debug/SPI_debug.srcs/sources_1/imports/project/spi.v:58]
CRITICAL WARNING: [Synth 8-3352] multi-driven net counter1_reg[0] with 2nd driver pin 'VCC' [D:/project/SPI_debug/SPI_debug.srcs/sources_1/imports/project/spi.v:58]
CRITICAL WARNING: [Synth 8-5559] multi-driven net counter1_reg[0] is connected to constant driver, other driver is ignored [D:/project/SPI_debug/SPI_debug.srcs/sources_1/imports/project/spi.v:58]
WARNING: [Synth 8-3332] Sequential element (data_reg) is unused and will be removed from module test_spi.
CRITICAL WARNING: [Synth 8-3352] multi-driven net Q with 1st driver pin 'data_reg/Q' [D:/project/SPI_debug/SPI_debug.srcs/sources_1/imports/project/spi.v:108]
CRITICAL WARNING: [Synth 8-3352] multi-driven net Q with 2nd driver pin 'GND' [D:/project/SPI_debug/SPI_debug.srcs/sources_1/imports/project/spi.v:108]
CRITICAL WARNING: [Synth 8-5559] multi-driven net Q is connected to constant driver, other driver is ignored [D:/project/SPI_debug/SPI_debug.srcs/sources_1/imports/project/spi.v:108]
WARNING: [Synth 8-3332] Sequential element (data_reg__0) is unused and will be removed from module test_spi.
CRITICAL WARNING: [Synth 8-3352] multi-driven net Q with 1st driver pin 'data_reg__0/Q' [D:/project/SPI_debug/SPI_debug.srcs/sources_1/imports/project/spi.v:58]
CRITICAL WARNING: [Synth 8-3352] multi-driven net Q with 2nd driver pin 'GND' [D:/project/SPI_debug/SPI_debug.srcs/sources_1/imports/project/spi.v:58]
CRITICAL WARNING: [Synth 8-5559] multi-driven net Q is connected to constant driver, other driver is ignored [D:/project/SPI_debug/SPI_debug.srcs/sources_1/imports/project/spi.v:58]
WARNING: [Synth 8-3332] Sequential element (sig_write_reg) is unused and will be removed from module test_spi.
CRITICAL WARNING: [Synth 8-3352] multi-driven net Q with 1st driver pin 'sig_write_reg/Q' [D:/project/SPI_debug/SPI_debug.srcs/sources_1/imports/project/spi.v:97]
CRITICAL WARNING: [Synth 8-3352] multi-driven net Q with 2nd driver pin 'VCC' [D:/project/SPI_debug/SPI_debug.srcs/sources_1/imports/project/spi.v:97]
CRITICAL WARNING: [Synth 8-5559] multi-driven net Q is connected to constant driver, other driver is ignored [D:/project/SPI_debug/SPI_debug.srcs/sources_1/imports/project/spi.v:97]
WARNING: [Synth 8-3332] Sequential element (sig_write_reg__0) is unused and will be removed from module test_spi.
CRITICAL WARNING: [Synth 8-3352] multi-driven net Q with 1st driver pin 'sig_write_reg__0/Q' [D:/project/SPI_debug/SPI_debug.srcs/sources_1/imports/project/spi.v:58]
CRITICAL WARNING: [Synth 8-3352] multi-driven net Q with 2nd driver pin 'VCC' [D:/project/SPI_debug/SPI_debug.srcs/sources_1/imports/project/spi.v:58]
CRITICAL WARNING: [Synth 8-5559] multi-driven net Q is connected to constant driver, other driver is ignored [D:/project/SPI_debug/SPI_debug.srcs/sources_1/imports/project/spi.v:58]
WARNING: [Synth 8-3332] Sequential element (counter2_reg[7]) is unused and will be removed from module test_spi.
CRITICAL WARNING: [Synth 8-3352] multi-driven net Q with 1st driver pin 'counter2_reg[7]/Q' [D:/project/SPI_debug/SPI_debug.srcs/sources_1/imports/project/spi.v:100]
CRITICAL WARNING: [Synth 8-3352] multi-driven net Q with 2nd driver pin 'GND' [D:/project/SPI_debug/SPI_debug.srcs/sources_1/imports/project/spi.v:100]
CRITICAL WARNING: [Synth 8-5559] multi-driven net Q is connected to constant driver, other driver is ignored [D:/project/SPI_debug/SPI_debug.srcs/sources_1/imports/project/spi.v:100]
WARNING: [Synth 8-3332] Sequential element (counter2_reg[6]) is unused and will be removed from module test_spi.
CRITICAL WARNING: [Synth 8-3352] multi-driven net Q with 1st driver pin 'counter2_reg[6]/Q' [D:/project/SPI_debug/SPI_debug.srcs/sources_1/imports/project/spi.v:100]
CRITICAL WARNING: [Synth 8-3352] multi-driven net Q with 2nd driver pin 'GND' [D:/project/SPI_debug/SPI_debug.srcs/sources_1/imports/project/spi.v:100]
CRITICAL WARNING: [Synth 8-5559] multi-driven net Q is connected to constant driver, other driver is ignored [D:/project/SPI_debug/SPI_debug.srcs/sources_1/imports/project/spi.v:100]
WARNING: [Synth 8-3332] Sequential element (counter2_reg[5]) is unused and will be removed from module test_spi.
CRITICAL WARNING: [Synth 8-3352] multi-driven net Q with 1st driver pin 'counter2_reg[5]/Q' [D:/project/SPI_debug/SPI_debug.srcs/sources_1/imports/project/spi.v:100]
CRITICAL WARNING: [Synth 8-3352] multi-driven net Q with 2nd driver pin 'GND' [D:/project/SPI_debug/SPI_debug.srcs/sources_1/imports/project/spi.v:100]
CRITICAL WARNING: [Synth 8-5559] multi-driven net Q is connected to constant driver, other driver is ignored [D:/project/SPI_debug/SPI_debug.srcs/sources_1/imports/project/spi.v:100]
WARNING: [Synth 8-3332] Sequential element (counter2_reg[4]) is unused and will be removed from module test_spi.
CRITICAL WARNING: [Synth 8-3352] multi-driven net Q with 1st driver pin 'counter2_reg[4]/Q' [D:/project/SPI_debug/SPI_debug.srcs/sources_1/imports/project/spi.v:100]
CRITICAL WARNING: [Synth 8-3352] multi-driven net Q with 2nd driver pin 'GND' [D:/project/SPI_debug/SPI_debug.srcs/sources_1/imports/project/spi.v:100]
CRITICAL WARNING: [Synth 8-5559] multi-driven net Q is connected to constant driver, other driver is ignored [D:/project/SPI_debug/SPI_debug.srcs/sources_1/imports/project/spi.v:100]
WARNING: [Synth 8-3332] Sequential element (counter2_reg[3]) is unused and will be removed from module test_spi.
CRITICAL WARNING: [Synth 8-3352] multi-driven net Q with 1st driver pin 'counter2_reg[3]/Q' [D:/project/SPI_debug/SPI_debug.srcs/sources_1/imports/project/spi.v:100]
CRITICAL WARNING: [Synth 8-3352] multi-driven net Q with 2nd driver pin 'VCC' [D:/project/SPI_debug/SPI_debug.srcs/sources_1/imports/project/spi.v:100]
CRITICAL WARNING: [Synth 8-5559] multi-driven net Q is connected to constant driver, other driver is ignored [D:/project/SPI_debug/SPI_debug.srcs/sources_1/imports/project/spi.v:100]
WARNING: [Synth 8-3332] Sequential element (counter2_reg[2]) is unused and will be removed from module test_spi.
CRITICAL WARNING: [Synth 8-3352] multi-driven net Q with 1st driver pin 'counter2_reg[2]/Q' [D:/project/SPI_debug/SPI_debug.srcs/sources_1/imports/project/spi.v:100]
CRITICAL WARNING: [Synth 8-3352] multi-driven net Q with 2nd driver pin 'GND' [D:/project/SPI_debug/SPI_debug.srcs/sources_1/imports/project/spi.v:100]
CRITICAL WARNING: [Synth 8-5559] multi-driven net Q is connected to constant driver, other driver is ignored [D:/project/SPI_debug/SPI_debug.srcs/sources_1/imports/project/spi.v:100]
WARNING: [Synth 8-3332] Sequential element (counter2_reg[1]) is unused and will be removed from module test_spi.
CRITICAL WARNING: [Synth 8-3352] multi-driven net Q with 1st driver pin 'counter2_reg[1]/Q' [D:/project/SPI_debug/SPI_debug.srcs/sources_1/imports/project/spi.v:100]
CRITICAL WARNING: [Synth 8-3352] multi-driven net Q with 2nd driver pin 'GND' [D:/project/SPI_debug/SPI_debug.srcs/sources_1/imports/project/spi.v:100]
CRITICAL WARNING: [Synth 8-5559] multi-driven net Q is connected to constant driver, other driver is ignored [D:/project/SPI_debug/SPI_debug.srcs/sources_1/imports/project/spi.v:100]
WARNING: [Synth 8-3332] Sequential element (counter2_reg[0]) is unused and will be removed from module test_spi.
CRITICAL WARNING: [Synth 8-3352] multi-driven net Q with 1st driver pin 'counter2_reg[0]/Q' [D:/project/SPI_debug/SPI_debug.srcs/sources_1/imports/project/spi.v:100]
CRITICAL WARNING: [Synth 8-3352] multi-driven net Q with 2nd driver pin 'GND' [D:/project/SPI_debug/SPI_debug.srcs/sources_1/imports/project/spi.v:100]
CRITICAL WARNING: [Synth 8-5559] multi-driven net Q is connected to constant driver, other driver is ignored [D:/project/SPI_debug/SPI_debug.srcs/sources_1/imports/project/spi.v:100]
WARNING: [Synth 8-3332] Sequential element (counter2_reg[7]__0) is unused and will be removed from module test_spi.
CRITICAL WARNING: [Synth 8-3352] multi-driven net Q with 1st driver pin 'counter2_reg[7]__0/Q' [D:/project/SPI_debug/SPI_debug.srcs/sources_1/imports/project/spi.v:89]
CRITICAL WARNING: [Synth 8-3352] multi-driven net Q with 2nd driver pin 'GND' [D:/project/SPI_debug/SPI_debug.srcs/sources_1/imports/project/spi.v:89]
CRITICAL WARNING: [Synth 8-5559] multi-driven net Q is connected to constant driver, other driver is ignored [D:/project/SPI_debug/SPI_debug.srcs/sources_1/imports/project/spi.v:89]
WARNING: [Synth 8-3332] Sequential element (counter2_reg[6]__0) is unused and will be removed from module test_spi.
CRITICAL WARNING: [Synth 8-3352] multi-driven net Q with 1st driver pin 'counter2_reg[6]__0/Q' [D:/project/SPI_debug/SPI_debug.srcs/sources_1/imports/project/spi.v:89]
CRITICAL WARNING: [Synth 8-3352] multi-driven net Q with 2nd driver pin 'GND' [D:/project/SPI_debug/SPI_debug.srcs/sources_1/imports/project/spi.v:89]
CRITICAL WARNING: [Synth 8-5559] multi-driven net Q is connected to constant driver, other driver is ignored [D:/project/SPI_debug/SPI_debug.srcs/sources_1/imports/project/spi.v:89]
WARNING: [Synth 8-3332] Sequential element (counter2_reg[5]__0) is unused and will be removed from module test_spi.
CRITICAL WARNING: [Synth 8-3352] multi-driven net Q with 1st driver pin 'counter2_reg[5]__0/Q' [D:/project/SPI_debug/SPI_debug.srcs/sources_1/imports/project/spi.v:89]
CRITICAL WARNING: [Synth 8-3352] multi-driven net Q with 2nd driver pin 'GND' [D:/project/SPI_debug/SPI_debug.srcs/sources_1/imports/project/spi.v:89]
CRITICAL WARNING: [Synth 8-5559] multi-driven net Q is connected to constant driver, other driver is ignored [D:/project/SPI_debug/SPI_debug.srcs/sources_1/imports/project/spi.v:89]
WARNING: [Synth 8-3332] Sequential element (counter2_reg[4]__0) is unused and will be removed from module test_spi.
CRITICAL WARNING: [Synth 8-3352] multi-driven net Q with 1st driver pin 'counter2_reg[4]__0/Q' [D:/project/SPI_debug/SPI_debug.srcs/sources_1/imports/project/spi.v:89]
CRITICAL WARNING: [Synth 8-3352] multi-driven net Q with 2nd driver pin 'GND' [D:/project/SPI_debug/SPI_debug.srcs/sources_1/imports/project/spi.v:89]
CRITICAL WARNING: [Synth 8-5559] multi-driven net Q is connected to constant driver, other driver is ignored [D:/project/SPI_debug/SPI_debug.srcs/sources_1/imports/project/spi.v:89]
WARNING: [Synth 8-3332] Sequential element (counter2_reg[3]__0) is unused and will be removed from module test_spi.
CRITICAL WARNING: [Synth 8-3352] multi-driven net Q with 1st driver pin 'counter2_reg[3]__0/Q' [D:/project/SPI_debug/SPI_debug.srcs/sources_1/imports/project/spi.v:89]
CRITICAL WARNING: [Synth 8-3352] multi-driven net Q with 2nd driver pin 'VCC' [D:/project/SPI_debug/SPI_debug.srcs/sources_1/imports/project/spi.v:89]
CRITICAL WARNING: [Synth 8-5559] multi-driven net Q is connected to constant driver, other driver is ignored [D:/project/SPI_debug/SPI_debug.srcs/sources_1/imports/project/spi.v:89]
WARNING: [Synth 8-3332] Sequential element (counter2_reg[2]__0) is unused and will be removed from module test_spi.
CRITICAL WARNING: [Synth 8-3352] multi-driven net Q with 1st driver pin 'counter2_reg[2]__0/Q' [D:/project/SPI_debug/SPI_debug.srcs/sources_1/imports/project/spi.v:89]
CRITICAL WARNING: [Synth 8-3352] multi-driven net Q with 2nd driver pin 'GND' [D:/project/SPI_debug/SPI_debug.srcs/sources_1/imports/project/spi.v:89]
CRITICAL WARNING: [Synth 8-5559] multi-driven net Q is connected to constant driver, other driver is ignored [D:/project/SPI_debug/SPI_debug.srcs/sources_1/imports/project/spi.v:89]
WARNING: [Synth 8-3332] Sequential element (counter2_reg[1]__0) is unused and will be removed from module test_spi.
CRITICAL WARNING: [Synth 8-3352] multi-driven net Q with 1st driver pin 'counter2_reg[1]__0/Q' [D:/project/SPI_debug/SPI_debug.srcs/sources_1/imports/project/spi.v:89]
CRITICAL WARNING: [Synth 8-3352] multi-driven net Q with 2nd driver pin 'GND' [D:/project/SPI_debug/SPI_debug.srcs/sources_1/imports/project/spi.v:89]
CRITICAL WARNING: [Synth 8-5559] multi-driven net Q is connected to constant driver, other driver is ignored [D:/project/SPI_debug/SPI_debug.srcs/sources_1/imports/project/spi.v:89]
WARNING: [Synth 8-3332] Sequential element (counter2_reg[0]__0) is unused and will be removed from module test_spi.
CRITICAL WARNING: [Synth 8-3352] multi-driven net Q with 1st driver pin 'counter2_reg[0]__0/Q' [D:/project/SPI_debug/SPI_debug.srcs/sources_1/imports/project/spi.v:89]
CRITICAL WARNING: [Synth 8-3352] multi-driven net Q with 2nd driver pin 'GND' [D:/project/SPI_debug/SPI_debug.srcs/sources_1/imports/project/spi.v:89]
CRITICAL WARNING: [Synth 8-5559] multi-driven net Q is connected to constant driver, other driver is ignored [D:/project/SPI_debug/SPI_debug.srcs/sources_1/imports/project/spi.v:89]
WARNING: [Synth 8-3332] Sequential element (read_data_reg[7]) is unused and will be removed from module test_spi.
CRITICAL WARNING: [Synth 8-3352] multi-driven net Q with 1st driver pin 'read_data_reg[7]/Q' [D:/project/SPI_debug/SPI_debug.srcs/sources_1/imports/project/spi.v:102]
CRITICAL WARNING: [Synth 8-3352] multi-driven net Q with 2nd driver pin 'GND' [D:/project/SPI_debug/SPI_debug.srcs/sources_1/imports/project/spi.v:102]
CRITICAL WARNING: [Synth 8-5559] multi-driven net Q is connected to constant driver, other driver is ignored [D:/project/SPI_debug/SPI_debug.srcs/sources_1/imports/project/spi.v:102]
WARNING: [Synth 8-3332] Sequential element (read_data_reg[6]) is unused and will be removed from module test_spi.
CRITICAL WARNING: [Synth 8-3352] multi-driven net Q with 1st driver pin 'read_data_reg[6]/Q' [D:/project/SPI_debug/SPI_debug.srcs/sources_1/imports/project/spi.v:102]
CRITICAL WARNING: [Synth 8-3352] multi-driven net Q with 2nd driver pin 'GND' [D:/project/SPI_debug/SPI_debug.srcs/sources_1/imports/project/spi.v:102]
CRITICAL WARNING: [Synth 8-5559] multi-driven net Q is connected to constant driver, other driver is ignored [D:/project/SPI_debug/SPI_debug.srcs/sources_1/imports/project/spi.v:102]
WARNING: [Synth 8-3332] Sequential element (read_data_reg[5]) is unused and will be removed from module test_spi.
CRITICAL WARNING: [Synth 8-3352] multi-driven net Q with 1st driver pin 'read_data_reg[5]/Q' [D:/project/SPI_debug/SPI_debug.srcs/sources_1/imports/project/spi.v:102]
CRITICAL WARNING: [Synth 8-3352] multi-driven net Q with 2nd driver pin 'GND' [D:/project/SPI_debug/SPI_debug.srcs/sources_1/imports/project/spi.v:102]
CRITICAL WARNING: [Synth 8-5559] multi-driven net Q is connected to constant driver, other driver is ignored [D:/project/SPI_debug/SPI_debug.srcs/sources_1/imports/project/spi.v:102]
WARNING: [Synth 8-3332] Sequential element (read_data_reg[4]) is unused and will be removed from module test_spi.
CRITICAL WARNING: [Synth 8-3352] multi-driven net Q with 1st driver pin 'read_data_reg[4]/Q' [D:/project/SPI_debug/SPI_debug.srcs/sources_1/imports/project/spi.v:102]
CRITICAL WARNING: [Synth 8-3352] multi-driven net Q with 2nd driver pin 'GND' [D:/project/SPI_debug/SPI_debug.srcs/sources_1/imports/project/spi.v:102]
CRITICAL WARNING: [Synth 8-5559] multi-driven net Q is connected to constant driver, other driver is ignored [D:/project/SPI_debug/SPI_debug.srcs/sources_1/imports/project/spi.v:102]
WARNING: [Synth 8-3332] Sequential element (read_data_reg[3]) is unused and will be removed from module test_spi.
CRITICAL WARNING: [Synth 8-3352] multi-driven net Q with 1st driver pin 'read_data_reg[3]/Q' [D:/project/SPI_debug/SPI_debug.srcs/sources_1/imports/project/spi.v:102]
CRITICAL WARNING: [Synth 8-3352] multi-driven net Q with 2nd driver pin 'GND' [D:/project/SPI_debug/SPI_debug.srcs/sources_1/imports/project/spi.v:102]
CRITICAL WARNING: [Synth 8-5559] multi-driven net Q is connected to constant driver, other driver is ignored [D:/project/SPI_debug/SPI_debug.srcs/sources_1/imports/project/spi.v:102]
WARNING: [Synth 8-3332] Sequential element (read_data_reg[2]) is unused and will be removed from module test_spi.
CRITICAL WARNING: [Synth 8-3352] multi-driven net Q with 1st driver pin 'read_data_reg[2]/Q' [D:/project/SPI_debug/SPI_debug.srcs/sources_1/imports/project/spi.v:102]
CRITICAL WARNING: [Synth 8-3352] multi-driven net Q with 2nd driver pin 'GND' [D:/project/SPI_debug/SPI_debug.srcs/sources_1/imports/project/spi.v:102]
CRITICAL WARNING: [Synth 8-5559] multi-driven net Q is connected to constant driver, other driver is ignored [D:/project/SPI_debug/SPI_debug.srcs/sources_1/imports/project/spi.v:102]
WARNING: [Synth 8-3332] Sequential element (read_data_reg[1]) is unused and will be removed from module test_spi.
CRITICAL WARNING: [Synth 8-3352] multi-driven net Q with 1st driver pin 'read_data_reg[1]/Q' [D:/project/SPI_debug/SPI_debug.srcs/sources_1/imports/project/spi.v:102]
CRITICAL WARNING: [Synth 8-3352] multi-driven net Q with 2nd driver pin 'GND' [D:/project/SPI_debug/SPI_debug.srcs/sources_1/imports/project/spi.v:102]
CRITICAL WARNING: [Synth 8-5559] multi-driven net Q is connected to constant driver, other driver is ignored [D:/project/SPI_debug/SPI_debug.srcs/sources_1/imports/project/spi.v:102]
WARNING: [Synth 8-3332] Sequential element (read_data_reg[0]) is unused and will be removed from module test_spi.
CRITICAL WARNING: [Synth 8-3352] multi-driven net Q with 1st driver pin 'read_data_reg[0]/Q' [D:/project/SPI_debug/SPI_debug.srcs/sources_1/imports/project/spi.v:102]
CRITICAL WARNING: [Synth 8-3352] multi-driven net Q with 2nd driver pin 'GND' [D:/project/SPI_debug/SPI_debug.srcs/sources_1/imports/project/spi.v:102]
CRITICAL WARNING: [Synth 8-5559] multi-driven net Q is connected to constant driver, other driver is ignored [D:/project/SPI_debug/SPI_debug.srcs/sources_1/imports/project/spi.v:102]
---------------------------------------------------------------------------------
Finished Cross Boundary and Area Optimization : Time (s): cpu = 00:00:11 ; elapsed = 00:00:14 . Memory (MB): peak = 474.383 ; gain = 264.891
---------------------------------------------------------------------------------

Report RTL Partitions: 
+-+--------------+------------+----------+
| |RTL Partition |Replication |Instances |
+-+--------------+------------+----------+
+-+--------------+------------+----------+
---------------------------------------------------------------------------------
Start Timing Optimization
---------------------------------------------------------------------------------
No constraint files found.
---------------------------------------------------------------------------------
Finished Timing Optimization : Time (s): cpu = 00:00:11 ; elapsed = 00:00:14 . Memory (MB): peak = 474.383 ; gain = 264.891
---------------------------------------------------------------------------------

Report RTL Partitions: 
+-+--------------+------------+----------+
| |RTL Partition |Replication |Instances |
+-+--------------+------------+----------+
+-+--------------+------------+----------+
---------------------------------------------------------------------------------
Start Technology Mapping
---------------------------------------------------------------------------------
---------------------------------------------------------------------------------
Finished Technology Mapping : Time (s): cpu = 00:00:11 ; elapsed = 00:00:14 . Memory (MB): peak = 474.383 ; gain = 264.891
---------------------------------------------------------------------------------

Report RTL Partitions: 
+-+--------------+------------+----------+
| |RTL Partition |Replication |Instances |
+-+--------------+------------+----------+
+-+--------------+------------+----------+
---------------------------------------------------------------------------------
Start IO Insertion
---------------------------------------------------------------------------------
---------------------------------------------------------------------------------
Start Flattening Before IO Insertion
---------------------------------------------------------------------------------
---------------------------------------------------------------------------------
Finished Flattening Before IO Insertion
---------------------------------------------------------------------------------
---------------------------------------------------------------------------------
Start Final Netlist Cleanup
---------------------------------------------------------------------------------
---------------------------------------------------------------------------------
Finished Final Netlist Cleanup
---------------------------------------------------------------------------------
---------------------------------------------------------------------------------
Finished IO Insertion : Time (s): cpu = 00:00:12 ; elapsed = 00:00:15 . Memory (MB): peak = 474.383 ; gain = 264.891
---------------------------------------------------------------------------------

Report Check Netlist: 
+------+------------------+-------+---------+-------+------------------+
|      |Item              |Errors |Warnings |Status |Description       |
+------+------------------+-------+---------+-------+------------------+
|1     |multi_driven_nets |      0|        0|Passed |Multi driven nets |
+------+------------------+-------+---------+-------+------------------+
---------------------------------------------------------------------------------
Start Renaming Generated Instances
---------------------------------------------------------------------------------
---------------------------------------------------------------------------------
Finished Renaming Generated Instances : Time (s): cpu = 00:00:12 ; elapsed = 00:00:15 . Memory (MB): peak = 474.383 ; gain = 264.891
---------------------------------------------------------------------------------

Report RTL Partitions: 
+-+--------------+------------+----------+
| |RTL Partition |Replication |Instances |
+-+--------------+------------+----------+
+-+--------------+------------+----------+
---------------------------------------------------------------------------------
Start Rebuilding User Hierarchy
---------------------------------------------------------------------------------
---------------------------------------------------------------------------------
Finished Rebuilding User Hierarchy : Time (s): cpu = 00:00:12 ; elapsed = 00:00:15 . Memory (MB): peak = 474.383 ; gain = 264.891
---------------------------------------------------------------------------------
---------------------------------------------------------------------------------
Start Renaming Generated Ports
---------------------------------------------------------------------------------
---------------------------------------------------------------------------------
Finished Renaming Generated Ports : Time (s): cpu = 00:00:12 ; elapsed = 00:00:15 . Memory (MB): peak = 474.383 ; gain = 264.891
---------------------------------------------------------------------------------
---------------------------------------------------------------------------------
Start Handling Custom Attributes
---------------------------------------------------------------------------------
---------------------------------------------------------------------------------
Finished Handling Custom Attributes : Time (s): cpu = 00:00:12 ; elapsed = 00:00:15 . Memory (MB): peak = 474.383 ; gain = 264.891
---------------------------------------------------------------------------------
---------------------------------------------------------------------------------
Start Renaming Generated Nets
---------------------------------------------------------------------------------
---------------------------------------------------------------------------------
Finished Renaming Generated Nets : Time (s): cpu = 00:00:12 ; elapsed = 00:00:15 . Memory (MB): peak = 474.383 ; gain = 264.891
---------------------------------------------------------------------------------
---------------------------------------------------------------------------------
Start Writing Synthesis Report
---------------------------------------------------------------------------------

Report BlackBoxes: 
+-+--------------+----------+
| |BlackBox name |Instances |
+-+--------------+----------+
+-+--------------+----------+

Report Cell Usage: 
+------+-----+------+
|      |Cell |Count |
+------+-----+------+
|1     |LUT2 |     1|
|2     |FDRE |     1|
|3     |IBUF |     3|
|4     |OBUF |     9|
+------+-----+------+

Report Instance Areas: 
+------+---------+-------+------+
|      |Instance |Module |Cells |
+------+---------+-------+------+
|1     |top      |       |    14|
+------+---------+-------+------+
---------------------------------------------------------------------------------
Finished Writing Synthesis Report : Time (s): cpu = 00:00:12 ; elapsed = 00:00:15 . Memory (MB): peak = 474.383 ; gain = 264.891
---------------------------------------------------------------------------------
Synthesis finished with 0 errors, 108 critical warnings and 54 warnings.
Synthesis Optimization Runtime : Time (s): cpu = 00:00:10 ; elapsed = 00:00:10 . Memory (MB): peak = 474.383 ; gain = 264.891
Synthesis Optimization Complete : Time (s): cpu = 00:00:12 ; elapsed = 00:00:15 . Memory (MB): peak = 474.383 ; gain = 264.891
INFO: [Project 1-571] Translating synthesized netlist
INFO: [Netlist 29-17] Analyzing 3 Unisim elements for replacement
INFO: [Netlist 29-28] Unisim Transformation completed in 0 CPU seconds
INFO: [Project 1-570] Preparing netlist for logic optimization
INFO: [Opt 31-138] Pushed 0 inverter(s) to 0 load pin(s).
INFO: [Project 1-111] Unisim Transformation Summary:
No Unisim elements were transformed.

INFO: [Common 17-83] Releasing license: Synthesis
13 Infos, 54 Warnings, 108 Critical Warnings and 0 Errors encountered.
synth_design completed successfully
synth_design: Time (s): cpu = 00:00:12 ; elapsed = 00:00:14 . Memory (MB): peak = 552.613 ; gain = 343.121
INFO: [Common 17-1381] The checkpoint 'D:/project/SPI_debug/SPI_debug.runs/synth_1/test_spi.dcp' has been generated.
report_utilization: Time (s): cpu = 00:00:00 ; elapsed = 00:00:00.017 . Memory (MB): peak = 552.613 ; gain = 0.000
INFO: [Common 17-206] Exiting Vivado at Sat Nov 24 16:11:22 2018...
